<?xml version="1.0" encoding="UTF-8"?>
<!-- Generated by org.testng.reporters.JUnitReportReporter -->
<testsuite hostname="kubradas" failures="0" tests="1" name="reportsdemo.ExtentReports.ExtentReportDemo" time="6.182" errors="0" timestamp="2025-06-03T14:03:40 TRT" skipped="0">
  <testcase classname="reportsdemo.ExtentReports.ExtentReportDemo" name="initialDemo" time="6.182"/>
</testsuite> <!-- reportsdemo.ExtentReports.ExtentReportDemo -->
