<?xml version="1.0" encoding="UTF-8"?>
<!-- Generated by org.testng.reporters.JUnitReportReporter -->
<testsuite hostname="kubradas" failures="0" tests="1" name="rahulshettyacademy.ExtentReports.ExtentReportDemo" time="4.979" errors="0" timestamp="2025-05-27T15:36:48 TRT" skipped="0">
  <testcase classname="rahulshettyacademy.ExtentReports.ExtentReportDemo" name="initialDemo" time="4.979"/>
</testsuite> <!-- rahulshettyacademy.ExtentReports.ExtentReportDemo -->
